<?xml version="1.0" encoding="UTF-8"?>
<testsuite xmlns:xsi="http://www.w3.org/2001/XMLSchema-instance" xsi:noNamespaceSchemaLocation="https://maven.apache.org/surefire/maven-surefire-plugin/xsd/surefire-test-report.xsd" name="com.house.care.registryserver.RegistryServerApplicationTests" time="13.763" tests="1" errors="0" skipped="0" failures="0">
  <properties>
    <property name="sun.desktop" value="windows"/>
    <property name="awt.toolkit" value="sun.awt.windows.WToolkit"/>
    <property name="file.encoding.pkg" value="sun.io"/>
    <property name="java.specification.version" value="1.8"/>
    <property name="sun.cpu.isalist" value="amd64"/>
    <property name="sun.jnu.encoding" value="Cp1252"/>
    <property name="java.class.path" value="C:\Node\shc-registry\target\test-classes;C:\Node\shc-registry\target\classes;C:\lib\repository\com\okta\spring\okta-spring-boot-starter\1.4.0\okta-spring-boot-starter-1.4.0.jar;C:\lib\repository\com\okta\spring\okta-spring-security-oauth2\1.4.0\okta-spring-security-oauth2-1.4.0.jar;C:\lib\repository\com\okta\commons\okta-config-check\1.2.2\okta-config-check-1.2.2.jar;C:\lib\repository\com\okta\commons\okta-commons-lang\1.2.2\okta-commons-lang-1.2.2.jar;C:\lib\repository\org\springframework\security\spring-security-config\5.2.2.RELEASE\spring-security-config-5.2.2.RELEASE.jar;C:\lib\repository\org\springframework\spring-aop\5.2.4.RELEASE\spring-aop-5.2.4.RELEASE.jar;C:\lib\repository\org\springframework\boot\spring-boot-starter-security\2.2.5.RELEASE\spring-boot-starter-security-2.2.5.RELEASE.jar;C:\lib\repository\org\springframework\security\spring-security-oauth2-client\5.2.2.RELEASE\spring-security-oauth2-client-5.2.2.RELEASE.jar;C:\lib\repository\com\nimbusds\oauth2-oidc-sdk\6.14\oauth2-oidc-sdk-6.14.jar;C:\lib\repository\com\sun\mail\javax.mail\1.6.1\javax.mail-1.6.1.jar;C:\lib\repository\javax\activation\activation\1.1\activation-1.1.jar;C:\lib\repository\com\github\stephenc\jcip\jcip-annotations\1.0-1\jcip-annotations-1.0-1.jar;C:\lib\repository\com\nimbusds\lang-tag\1.4.4\lang-tag-1.4.4.jar;C:\lib\repository\org\springframework\security\spring-security-oauth2-core\5.2.2.RELEASE\spring-security-oauth2-core-5.2.2.RELEASE.jar;C:\lib\repository\org\springframework\security\spring-security-oauth2-jose\5.2.2.RELEASE\spring-security-oauth2-jose-5.2.2.RELEASE.jar;C:\lib\repository\com\nimbusds\nimbus-jose-jwt\7.8.1\nimbus-jose-jwt-7.8.1.jar;C:\lib\repository\org\springframework\security\spring-security-oauth2-resource-server\5.2.2.RELEASE\spring-security-oauth2-resource-server-5.2.2.RELEASE.jar;C:\lib\repository\com\okta\spring\okta-spring-sdk\1.4.0\okta-spring-sdk-1.4.0.jar;C:\lib\repository\org\springframework\cloud\spring-cloud-starter-netflix-eureka-server\2.2.2.RELEASE\spring-cloud-starter-netflix-eureka-server-2.2.2.RELEASE.jar;C:\lib\repository\org\springframework\cloud\spring-cloud-starter\2.2.2.RELEASE\spring-cloud-starter-2.2.2.RELEASE.jar;C:\lib\repository\org\springframework\cloud\spring-cloud-context\2.2.2.RELEASE\spring-cloud-context-2.2.2.RELEASE.jar;C:\lib\repository\org\springframework\cloud\spring-cloud-commons\2.2.2.RELEASE\spring-cloud-commons-2.2.2.RELEASE.jar;C:\lib\repository\org\springframework\cloud\spring-cloud-netflix-eureka-server\2.2.2.RELEASE\spring-cloud-netflix-eureka-server-2.2.2.RELEASE.jar;C:\lib\repository\org\springframework\boot\spring-boot-starter-freemarker\2.2.5.RELEASE\spring-boot-starter-freemarker-2.2.5.RELEASE.jar;C:\lib\repository\org\freemarker\freemarker\2.3.29\freemarker-2.3.29.jar;C:\lib\repository\org\springframework\spring-context-support\5.2.4.RELEASE\spring-context-support-5.2.4.RELEASE.jar;C:\lib\repository\org\springframework\cloud\spring-cloud-netflix-hystrix\2.2.2.RELEASE\spring-cloud-netflix-hystrix-2.2.2.RELEASE.jar;C:\lib\repository\org\springframework\boot\spring-boot-starter-aop\2.2.5.RELEASE\spring-boot-starter-aop-2.2.5.RELEASE.jar;C:\lib\repository\org\springframework\cloud\spring-cloud-netflix-eureka-client\2.2.2.RELEASE\spring-cloud-netflix-eureka-client-2.2.2.RELEASE.jar;C:\lib\repository\com\netflix\eureka\eureka-client\1.9.17\eureka-client-1.9.17.jar;C:\lib\repository\org\codehaus\jettison\jettison\1.3.7\jettison-1.3.7.jar;C:\lib\repository\stax\stax-api\1.0.1\stax-api-1.0.1.jar;C:\lib\repository\com\netflix\netflix-commons\netflix-eventbus\0.3.0\netflix-eventbus-0.3.0.jar;C:\lib\repository\com\netflix\netflix-commons\netflix-infix\0.3.0\netflix-infix-0.3.0.jar;C:\lib\repository\commons-jxpath\commons-jxpath\1.3\commons-jxpath-1.3.jar;C:\lib\repository\joda-time\joda-time\2.10.5\joda-time-2.10.5.jar;C:\lib\repository\org\antlr\antlr-runtime\3.4\antlr-runtime-3.4.jar;C:\lib\repository\org\antlr\stringtemplate\3.2.1\stringtemplate-3.2.1.jar;C:\lib\repository\antlr\antlr\2.7.7\antlr-2.7.7.jar;C:\lib\repository\com\google\code\gson\gson\2.8.6\gson-2.8.6.jar;C:\lib\repository\org\apache\commons\commons-math\2.2\commons-math-2.2.jar;C:\lib\repository\javax\ws\rs\jsr311-api\1.1.1\jsr311-api-1.1.1.jar;C:\lib\repository\com\sun\jersey\jersey-core\1.19.1\jersey-core-1.19.1.jar;C:\lib\repository\com\sun\jersey\contribs\jersey-apache-client4\1.19.1\jersey-apache-client4-1.19.1.jar;C:\lib\repository\com\google\inject\guice\4.1.0\guice-4.1.0.jar;C:\lib\repository\aopalliance\aopalliance\1.0\aopalliance-1.0.jar;C:\lib\repository\com\sun\jersey\jersey-servlet\1.19.1\jersey-servlet-1.19.1.jar;C:\lib\repository\com\sun\jersey\jersey-server\1.19.1\jersey-server-1.19.1.jar;C:\lib\repository\com\sun\jersey\jersey-client\1.19.1\jersey-client-1.19.1.jar;C:\lib\repository\com\netflix\eureka\eureka-core\1.9.17\eureka-core-1.9.17.jar;C:\lib\repository\com\fasterxml\woodstox\woodstox-core\5.2.1\woodstox-core-5.2.1.jar;C:\lib\repository\com\netflix\archaius\archaius-core\0.7.6\archaius-core-0.7.6.jar;C:\lib\repository\com\google\code\findbugs\jsr305\3.0.1\jsr305-3.0.1.jar;C:\lib\repository\com\google\guava\guava\28.2-android\guava-28.2-android.jar;C:\lib\repository\com\google\guava\failureaccess\1.0.1\failureaccess-1.0.1.jar;C:\lib\repository\com\google\guava\listenablefuture\9999.0-empty-to-avoid-conflict-with-guava\listenablefuture-9999.0-empty-to-avoid-conflict-with-guava.jar;C:\lib\repository\org\checkerframework\checker-compat-qual\2.5.5\checker-compat-qual-2.5.5.jar;C:\lib\repository\com\google\errorprone\error_prone_annotations\2.3.4\error_prone_annotations-2.3.4.jar;C:\lib\repository\com\google\j2objc\j2objc-annotations\1.3\j2objc-annotations-1.3.jar;C:\lib\repository\javax\inject\javax.inject\1\javax.inject-1.jar;C:\lib\repository\com\fasterxml\jackson\dataformat\jackson-dataformat-xml\2.10.2\jackson-dataformat-xml-2.10.2.jar;C:\lib\repository\com\fasterxml\jackson\module\jackson-module-jaxb-annotations\2.10.2\jackson-module-jaxb-annotations-2.10.2.jar;C:\lib\repository\org\codehaus\woodstox\stax2-api\4.2\stax2-api-4.2.jar;C:\lib\repository\com\thoughtworks\xstream\xstream\1.4.11.1\xstream-1.4.11.1.jar;C:\lib\repository\xmlpull\xmlpull\1.1.3.1\xmlpull-1.1.3.1.jar;C:\lib\repository\xpp3\xpp3_min\1.1.4c\xpp3_min-1.1.4c.jar;C:\lib\repository\org\springframework\cloud\spring-cloud-starter-netflix-archaius\2.2.2.RELEASE\spring-cloud-starter-netflix-archaius-2.2.2.RELEASE.jar;C:\lib\repository\org\springframework\cloud\spring-cloud-netflix-ribbon\2.2.2.RELEASE\spring-cloud-netflix-ribbon-2.2.2.RELEASE.jar;C:\lib\repository\org\springframework\cloud\spring-cloud-netflix-archaius\2.2.2.RELEASE\spring-cloud-netflix-archaius-2.2.2.RELEASE.jar;C:\lib\repository\commons-configuration\commons-configuration\1.8\commons-configuration-1.8.jar;C:\lib\repository\commons-lang\commons-lang\2.6\commons-lang-2.6.jar;C:\lib\repository\org\springframework\cloud\spring-cloud-starter-netflix-ribbon\2.2.2.RELEASE\spring-cloud-starter-netflix-ribbon-2.2.2.RELEASE.jar;C:\lib\repository\com\netflix\ribbon\ribbon\2.3.0\ribbon-2.3.0.jar;C:\lib\repository\com\netflix\ribbon\ribbon-transport\2.3.0\ribbon-transport-2.3.0.jar;C:\lib\repository\io\reactivex\rxnetty-contexts\0.4.9\rxnetty-contexts-0.4.9.jar;C:\lib\repository\io\reactivex\rxnetty-servo\0.4.9\rxnetty-servo-0.4.9.jar;C:\lib\repository\io\reactivex\rxnetty\0.4.9\rxnetty-0.4.9.jar;C:\lib\repository\com\netflix\ribbon\ribbon-core\2.3.0\ribbon-core-2.3.0.jar;C:\lib\repository\com\netflix\ribbon\ribbon-httpclient\2.3.0\ribbon-httpclient-2.3.0.jar;C:\lib\repository\commons-collections\commons-collections\3.2.2\commons-collections-3.2.2.jar;C:\lib\repository\com\netflix\ribbon\ribbon-loadbalancer\2.3.0\ribbon-loadbalancer-2.3.0.jar;C:\lib\repository\com\netflix\netflix-commons\netflix-statistics\0.1.1\netflix-statistics-0.1.1.jar;C:\lib\repository\io\reactivex\rxjava\1.3.8\rxjava-1.3.8.jar;C:\lib\repository\org\springframework\cloud\spring-cloud-starter-loadbalancer\2.2.2.RELEASE\spring-cloud-starter-loadbalancer-2.2.2.RELEASE.jar;C:\lib\repository\org\springframework\cloud\spring-cloud-loadbalancer\2.2.2.RELEASE\spring-cloud-loadbalancer-2.2.2.RELEASE.jar;C:\lib\repository\io\projectreactor\reactor-core\3.3.3.RELEASE\reactor-core-3.3.3.RELEASE.jar;C:\lib\repository\io\projectreactor\addons\reactor-extra\3.3.2.RELEASE\reactor-extra-3.3.2.RELEASE.jar;C:\lib\repository\org\springframework\boot\spring-boot-starter-cache\2.2.5.RELEASE\spring-boot-starter-cache-2.2.5.RELEASE.jar;C:\lib\repository\com\stoyanr\evictor\1.0.0\evictor-1.0.0.jar;C:\lib\repository\com\netflix\ribbon\ribbon-eureka\2.3.0\ribbon-eureka-2.3.0.jar;C:\lib\repository\org\slf4j\slf4j-api\1.7.30\slf4j-api-1.7.30.jar;C:\lib\repository\org\glassfish\jaxb\jaxb-runtime\2.3.2\jaxb-runtime-2.3.2.jar;C:\lib\repository\org\glassfish\jaxb\txw2\2.3.2\txw2-2.3.2.jar;C:\lib\repository\com\sun\istack\istack-commons-runtime\3.0.8\istack-commons-runtime-3.0.8.jar;C:\lib\repository\org\jvnet\staxex\stax-ex\1.8.1\stax-ex-1.8.1.jar;C:\lib\repository\com\sun\xml\fastinfoset\FastInfoset\1.2.16\FastInfoset-1.2.16.jar;C:\lib\repository\jakarta\activation\jakarta.activation-api\1.2.2\jakarta.activation-api-1.2.2.jar;C:\lib\repository\org\springframework\boot\spring-boot-devtools\2.2.5.RELEASE\spring-boot-devtools-2.2.5.RELEASE.jar;C:\lib\repository\org\springframework\boot\spring-boot\2.2.5.RELEASE\spring-boot-2.2.5.RELEASE.jar;C:\lib\repository\org\springframework\spring-context\5.2.4.RELEASE\spring-context-5.2.4.RELEASE.jar;C:\lib\repository\org\springframework\spring-expression\5.2.4.RELEASE\spring-expression-5.2.4.RELEASE.jar;C:\lib\repository\org\springframework\boot\spring-boot-autoconfigure\2.2.5.RELEASE\spring-boot-autoconfigure-2.2.5.RELEASE.jar;C:\lib\repository\org\springframework\boot\spring-boot-starter-test\2.2.5.RELEASE\spring-boot-starter-test-2.2.5.RELEASE.jar;C:\lib\repository\org\springframework\boot\spring-boot-starter\2.2.5.RELEASE\spring-boot-starter-2.2.5.RELEASE.jar;C:\lib\repository\org\springframework\boot\spring-boot-starter-logging\2.2.5.RELEASE\spring-boot-starter-logging-2.2.5.RELEASE.jar;C:\lib\repository\ch\qos\logback\logback-classic\1.2.3\logback-classic-1.2.3.jar;C:\lib\repository\ch\qos\logback\logback-core\1.2.3\logback-core-1.2.3.jar;C:\lib\repository\org\apache\logging\log4j\log4j-to-slf4j\2.12.1\log4j-to-slf4j-2.12.1.jar;C:\lib\repository\org\apache\logging\log4j\log4j-api\2.12.1\log4j-api-2.12.1.jar;C:\lib\repository\org\slf4j\jul-to-slf4j\1.7.30\jul-to-slf4j-1.7.30.jar;C:\lib\repository\jakarta\annotation\jakarta.annotation-api\1.3.5\jakarta.annotation-api-1.3.5.jar;C:\lib\repository\org\springframework\boot\spring-boot-test\2.2.5.RELEASE\spring-boot-test-2.2.5.RELEASE.jar;C:\lib\repository\org\springframework\boot\spring-boot-test-autoconfigure\2.2.5.RELEASE\spring-boot-test-autoconfigure-2.2.5.RELEASE.jar;C:\lib\repository\com\jayway\jsonpath\json-path\2.4.0\json-path-2.4.0.jar;C:\lib\repository\net\minidev\json-smart\2.3\json-smart-2.3.jar;C:\lib\repository\net\minidev\accessors-smart\1.2\accessors-smart-1.2.jar;C:\lib\repository\jakarta\xml\bind\jakarta.xml.bind-api\2.3.2\jakarta.xml.bind-api-2.3.2.jar;C:\lib\repository\org\junit\jupiter\junit-jupiter\5.5.2\junit-jupiter-5.5.2.jar;C:\lib\repository\org\junit\jupiter\junit-jupiter-api\5.5.2\junit-jupiter-api-5.5.2.jar;C:\lib\repository\org\apiguardian\apiguardian-api\1.1.0\apiguardian-api-1.1.0.jar;C:\lib\repository\org\opentest4j\opentest4j\1.2.0\opentest4j-1.2.0.jar;C:\lib\repository\org\junit\platform\junit-platform-commons\1.5.2\junit-platform-commons-1.5.2.jar;C:\lib\repository\org\junit\jupiter\junit-jupiter-params\5.5.2\junit-jupiter-params-5.5.2.jar;C:\lib\repository\org\junit\jupiter\junit-jupiter-engine\5.5.2\junit-jupiter-engine-5.5.2.jar;C:\lib\repository\org\junit\platform\junit-platform-engine\1.5.2\junit-platform-engine-1.5.2.jar;C:\lib\repository\org\mockito\mockito-junit-jupiter\3.1.0\mockito-junit-jupiter-3.1.0.jar;C:\lib\repository\org\assertj\assertj-core\3.13.2\assertj-core-3.13.2.jar;C:\lib\repository\org\hamcrest\hamcrest\2.1\hamcrest-2.1.jar;C:\lib\repository\org\mockito\mockito-core\3.1.0\mockito-core-3.1.0.jar;C:\lib\repository\net\bytebuddy\byte-buddy\1.10.8\byte-buddy-1.10.8.jar;C:\lib\repository\net\bytebuddy\byte-buddy-agent\1.10.8\byte-buddy-agent-1.10.8.jar;C:\lib\repository\org\objenesis\objenesis\2.6\objenesis-2.6.jar;C:\lib\repository\org\skyscreamer\jsonassert\1.5.0\jsonassert-1.5.0.jar;C:\lib\repository\com\vaadin\external\google\android-json\0.0.20131108.vaadin1\android-json-0.0.20131108.vaadin1.jar;C:\lib\repository\org\springframework\spring-core\5.2.4.RELEASE\spring-core-5.2.4.RELEASE.jar;C:\lib\repository\org\springframework\spring-jcl\5.2.4.RELEASE\spring-jcl-5.2.4.RELEASE.jar;C:\lib\repository\org\springframework\spring-test\5.2.4.RELEASE\spring-test-5.2.4.RELEASE.jar;C:\lib\repository\org\xmlunit\xmlunit-core\2.6.3\xmlunit-core-2.6.3.jar;C:\lib\repository\org\springframework\security\oauth\boot\spring-security-oauth2-autoconfigure\2.1.2.RELEASE\spring-security-oauth2-autoconfigure-2.1.2.RELEASE.jar;C:\lib\repository\com\fasterxml\jackson\core\jackson-annotations\2.10.2\jackson-annotations-2.10.2.jar;C:\lib\repository\com\fasterxml\jackson\core\jackson-databind\2.10.2\jackson-databind-2.10.2.jar;C:\lib\repository\com\fasterxml\jackson\core\jackson-core\2.10.2\jackson-core-2.10.2.jar;C:\lib\repository\com\sun\xml\bind\jaxb-core\2.3.0.1\jaxb-core-2.3.0.1.jar;C:\lib\repository\com\sun\xml\bind\jaxb-impl\2.3.0.1\jaxb-impl-2.3.0.1.jar;C:\lib\repository\javax\xml\bind\jaxb-api\2.3.1\jaxb-api-2.3.1.jar;C:\lib\repository\javax\activation\javax.activation-api\1.2.0\javax.activation-api-1.2.0.jar;C:\lib\repository\org\springframework\security\oauth\spring-security-oauth2\2.3.4.RELEASE\spring-security-oauth2-2.3.4.RELEASE.jar;C:\lib\repository\org\springframework\spring-beans\5.2.4.RELEASE\spring-beans-5.2.4.RELEASE.jar;C:\lib\repository\org\springframework\spring-webmvc\5.2.4.RELEASE\spring-webmvc-5.2.4.RELEASE.jar;C:\lib\repository\org\springframework\security\spring-security-core\5.2.2.RELEASE\spring-security-core-5.2.2.RELEASE.jar;C:\lib\repository\org\springframework\security\spring-security-web\5.2.2.RELEASE\spring-security-web-5.2.2.RELEASE.jar;C:\lib\repository\commons-codec\commons-codec\1.13\commons-codec-1.13.jar;C:\lib\repository\org\codehaus\jackson\jackson-mapper-asl\1.9.13\jackson-mapper-asl-1.9.13.jar;C:\lib\repository\org\codehaus\jackson\jackson-core-asl\1.9.13\jackson-core-asl-1.9.13.jar;C:\lib\repository\org\springframework\security\spring-security-jwt\1.0.9.RELEASE\spring-security-jwt-1.0.9.RELEASE.jar;C:\lib\repository\org\bouncycastle\bcpkix-jdk15on\1.56\bcpkix-jdk15on-1.56.jar;C:\lib\repository\org\bouncycastle\bcprov-jdk15on\1.56\bcprov-jdk15on-1.56.jar;C:\lib\repository\org\springframework\spring-web\5.2.4.RELEASE\spring-web-5.2.4.RELEASE.jar;C:\lib\repository\org\springframework\cloud\spring-cloud-config-server\2.2.2.RELEASE\spring-cloud-config-server-2.2.2.RELEASE.jar;C:\lib\repository\org\springframework\cloud\spring-cloud-config-client\2.2.2.RELEASE\spring-cloud-config-client-2.2.2.RELEASE.jar;C:\lib\repository\org\springframework\boot\spring-boot-starter-actuator\2.2.5.RELEASE\spring-boot-starter-actuator-2.2.5.RELEASE.jar;C:\lib\repository\org\springframework\boot\spring-boot-actuator-autoconfigure\2.2.5.RELEASE\spring-boot-actuator-autoconfigure-2.2.5.RELEASE.jar;C:\lib\repository\org\springframework\boot\spring-boot-actuator\2.2.5.RELEASE\spring-boot-actuator-2.2.5.RELEASE.jar;C:\lib\repository\com\fasterxml\jackson\datatype\jackson-datatype-jsr310\2.10.2\jackson-datatype-jsr310-2.10.2.jar;C:\lib\repository\io\micrometer\micrometer-core\1.3.5\micrometer-core-1.3.5.jar;C:\lib\repository\org\hdrhistogram\HdrHistogram\2.1.11\HdrHistogram-2.1.11.jar;C:\lib\repository\org\latencyutils\LatencyUtils\2.0.3\LatencyUtils-2.0.3.jar;C:\lib\repository\org\springframework\boot\spring-boot-starter-web\2.2.5.RELEASE\spring-boot-starter-web-2.2.5.RELEASE.jar;C:\lib\repository\org\springframework\boot\spring-boot-starter-json\2.2.5.RELEASE\spring-boot-starter-json-2.2.5.RELEASE.jar;C:\lib\repository\com\fasterxml\jackson\datatype\jackson-datatype-jdk8\2.10.2\jackson-datatype-jdk8-2.10.2.jar;C:\lib\repository\com\fasterxml\jackson\module\jackson-module-parameter-names\2.10.2\jackson-module-parameter-names-2.10.2.jar;C:\lib\repository\org\springframework\boot\spring-boot-starter-tomcat\2.2.5.RELEASE\spring-boot-starter-tomcat-2.2.5.RELEASE.jar;C:\lib\repository\org\apache\tomcat\embed\tomcat-embed-core\9.0.31\tomcat-embed-core-9.0.31.jar;C:\lib\repository\org\apache\tomcat\embed\tomcat-embed-websocket\9.0.31\tomcat-embed-websocket-9.0.31.jar;C:\lib\repository\org\springframework\boot\spring-boot-starter-validation\2.2.5.RELEASE\spring-boot-starter-validation-2.2.5.RELEASE.jar;C:\lib\repository\jakarta\validation\jakarta.validation-api\2.0.2\jakarta.validation-api-2.0.2.jar;C:\lib\repository\org\apache\tomcat\embed\tomcat-embed-el\9.0.31\tomcat-embed-el-9.0.31.jar;C:\lib\repository\org\hibernate\validator\hibernate-validator\6.0.18.Final\hibernate-validator-6.0.18.Final.jar;C:\lib\repository\org\jboss\logging\jboss-logging\3.4.1.Final\jboss-logging-3.4.1.Final.jar;C:\lib\repository\com\fasterxml\classmate\1.5.1\classmate-1.5.1.jar;C:\lib\repository\org\springframework\security\spring-security-crypto\5.2.2.RELEASE\spring-security-crypto-5.2.2.RELEASE.jar;C:\lib\repository\org\springframework\security\spring-security-rsa\1.0.9.RELEASE\spring-security-rsa-1.0.9.RELEASE.jar;C:\lib\repository\org\eclipse\jgit\org.eclipse.jgit\5.1.3.201810200350-r\org.eclipse.jgit-5.1.3.201810200350-r.jar;C:\lib\repository\com\jcraft\jsch\0.1.54\jsch-0.1.54.jar;C:\lib\repository\com\jcraft\jzlib\1.1.1\jzlib-1.1.1.jar;C:\lib\repository\com\googlecode\javaewah\JavaEWAH\1.1.6\JavaEWAH-1.1.6.jar;C:\lib\repository\org\eclipse\jgit\org.eclipse.jgit.http.apache\5.1.3.201810200350-r\org.eclipse.jgit.http.apache-5.1.3.201810200350-r.jar;C:\lib\repository\org\apache\httpcomponents\httpclient\4.5.11\httpclient-4.5.11.jar;C:\lib\repository\org\apache\httpcomponents\httpcore\4.4.13\httpcore-4.4.13.jar;C:\lib\repository\org\yaml\snakeyaml\1.25\snakeyaml-1.25.jar;C:\lib\repository\com\fasterxml\jackson\dataformat\jackson-dataformat-yaml\2.10.2\jackson-dataformat-yaml-2.10.2.jar;C:\lib\repository\org\springframework\cloud\spring-cloud-starter-netflix-zuul\2.2.2.RELEASE\spring-cloud-starter-netflix-zuul-2.2.2.RELEASE.jar;C:\lib\repository\org\springframework\cloud\spring-cloud-netflix-zuul\2.2.2.RELEASE\spring-cloud-netflix-zuul-2.2.2.RELEASE.jar;C:\lib\repository\com\netflix\netflix-commons\netflix-commons-util\0.3.0\netflix-commons-util-0.3.0.jar;C:\lib\repository\org\springframework\cloud\spring-cloud-starter-netflix-hystrix\2.2.2.RELEASE\spring-cloud-starter-netflix-hystrix-2.2.2.RELEASE.jar;C:\lib\repository\com\netflix\hystrix\hystrix-core\1.5.18\hystrix-core-1.5.18.jar;C:\lib\repository\com\netflix\hystrix\hystrix-serialization\1.5.18\hystrix-serialization-1.5.18.jar;C:\lib\repository\com\fasterxml\jackson\module\jackson-module-afterburner\2.10.2\jackson-module-afterburner-2.10.2.jar;C:\lib\repository\com\netflix\hystrix\hystrix-metrics-event-stream\1.5.18\hystrix-metrics-event-stream-1.5.18.jar;C:\lib\repository\com\netflix\hystrix\hystrix-javanica\1.5.18\hystrix-javanica-1.5.18.jar;C:\lib\repository\org\apache\commons\commons-lang3\3.9\commons-lang3-3.9.jar;C:\lib\repository\org\ow2\asm\asm\5.0.4\asm-5.0.4.jar;C:\lib\repository\org\aspectj\aspectjweaver\1.9.5\aspectjweaver-1.9.5.jar;C:\lib\repository\io\reactivex\rxjava-reactive-streams\1.2.1\rxjava-reactive-streams-1.2.1.jar;C:\lib\repository\org\reactivestreams\reactive-streams\1.0.3\reactive-streams-1.0.3.jar;C:\lib\repository\com\netflix\zuul\zuul-core\1.3.1\zuul-core-1.3.1.jar;C:\lib\repository\commons-io\commons-io\2.4\commons-io-2.4.jar;C:\lib\repository\com\netflix\servo\servo-core\0.12.21\servo-core-0.12.21.jar;"/>
    <property name="java.vm.vendor" value="Oracle Corporation"/>
    <property name="sun.arch.data.model" value="64"/>
    <property name="user.variant" value=""/>
    <property name="java.vendor.url" value="http://java.oracle.com/"/>
    <property name="user.timezone" value="Europe/London"/>
    <property name="java.vm.specification.version" value="1.8"/>
    <property name="os.name" value="Windows 10"/>
    <property name="user.country" value="BR"/>
    <property name="sun.java.launcher" value="SUN_STANDARD"/>
    <property name="sun.boot.library.path" value="C:\Program Files\Java\jdk1.8.0_181\jre\bin"/>
    <property name="sun.java.command" value="C:\Users\ernan\AppData\Local\Temp\surefire1870030017425883964\surefirebooter2519290557517163121.jar C:\Users\ernan\AppData\Local\Temp\surefire1870030017425883964 2020-05-05T19-01-26_132-jvmRun1 surefire1258904169972563862tmp surefire_081004049851987829tmp"/>
    <property name="surefire.test.class.path" value="C:\Node\shc-registry\target\test-classes;C:\Node\shc-registry\target\classes;C:\lib\repository\com\okta\spring\okta-spring-boot-starter\1.4.0\okta-spring-boot-starter-1.4.0.jar;C:\lib\repository\com\okta\spring\okta-spring-security-oauth2\1.4.0\okta-spring-security-oauth2-1.4.0.jar;C:\lib\repository\com\okta\commons\okta-config-check\1.2.2\okta-config-check-1.2.2.jar;C:\lib\repository\com\okta\commons\okta-commons-lang\1.2.2\okta-commons-lang-1.2.2.jar;C:\lib\repository\org\springframework\security\spring-security-config\5.2.2.RELEASE\spring-security-config-5.2.2.RELEASE.jar;C:\lib\repository\org\springframework\spring-aop\5.2.4.RELEASE\spring-aop-5.2.4.RELEASE.jar;C:\lib\repository\org\springframework\boot\spring-boot-starter-security\2.2.5.RELEASE\spring-boot-starter-security-2.2.5.RELEASE.jar;C:\lib\repository\org\springframework\security\spring-security-oauth2-client\5.2.2.RELEASE\spring-security-oauth2-client-5.2.2.RELEASE.jar;C:\lib\repository\com\nimbusds\oauth2-oidc-sdk\6.14\oauth2-oidc-sdk-6.14.jar;C:\lib\repository\com\sun\mail\javax.mail\1.6.1\javax.mail-1.6.1.jar;C:\lib\repository\javax\activation\activation\1.1\activation-1.1.jar;C:\lib\repository\com\github\stephenc\jcip\jcip-annotations\1.0-1\jcip-annotations-1.0-1.jar;C:\lib\repository\com\nimbusds\lang-tag\1.4.4\lang-tag-1.4.4.jar;C:\lib\repository\org\springframework\security\spring-security-oauth2-core\5.2.2.RELEASE\spring-security-oauth2-core-5.2.2.RELEASE.jar;C:\lib\repository\org\springframework\security\spring-security-oauth2-jose\5.2.2.RELEASE\spring-security-oauth2-jose-5.2.2.RELEASE.jar;C:\lib\repository\com\nimbusds\nimbus-jose-jwt\7.8.1\nimbus-jose-jwt-7.8.1.jar;C:\lib\repository\org\springframework\security\spring-security-oauth2-resource-server\5.2.2.RELEASE\spring-security-oauth2-resource-server-5.2.2.RELEASE.jar;C:\lib\repository\com\okta\spring\okta-spring-sdk\1.4.0\okta-spring-sdk-1.4.0.jar;C:\lib\repository\org\springframework\cloud\spring-cloud-starter-netflix-eureka-server\2.2.2.RELEASE\spring-cloud-starter-netflix-eureka-server-2.2.2.RELEASE.jar;C:\lib\repository\org\springframework\cloud\spring-cloud-starter\2.2.2.RELEASE\spring-cloud-starter-2.2.2.RELEASE.jar;C:\lib\repository\org\springframework\cloud\spring-cloud-context\2.2.2.RELEASE\spring-cloud-context-2.2.2.RELEASE.jar;C:\lib\repository\org\springframework\cloud\spring-cloud-commons\2.2.2.RELEASE\spring-cloud-commons-2.2.2.RELEASE.jar;C:\lib\repository\org\springframework\cloud\spring-cloud-netflix-eureka-server\2.2.2.RELEASE\spring-cloud-netflix-eureka-server-2.2.2.RELEASE.jar;C:\lib\repository\org\springframework\boot\spring-boot-starter-freemarker\2.2.5.RELEASE\spring-boot-starter-freemarker-2.2.5.RELEASE.jar;C:\lib\repository\org\freemarker\freemarker\2.3.29\freemarker-2.3.29.jar;C:\lib\repository\org\springframework\spring-context-support\5.2.4.RELEASE\spring-context-support-5.2.4.RELEASE.jar;C:\lib\repository\org\springframework\cloud\spring-cloud-netflix-hystrix\2.2.2.RELEASE\spring-cloud-netflix-hystrix-2.2.2.RELEASE.jar;C:\lib\repository\org\springframework\boot\spring-boot-starter-aop\2.2.5.RELEASE\spring-boot-starter-aop-2.2.5.RELEASE.jar;C:\lib\repository\org\springframework\cloud\spring-cloud-netflix-eureka-client\2.2.2.RELEASE\spring-cloud-netflix-eureka-client-2.2.2.RELEASE.jar;C:\lib\repository\com\netflix\eureka\eureka-client\1.9.17\eureka-client-1.9.17.jar;C:\lib\repository\org\codehaus\jettison\jettison\1.3.7\jettison-1.3.7.jar;C:\lib\repository\stax\stax-api\1.0.1\stax-api-1.0.1.jar;C:\lib\repository\com\netflix\netflix-commons\netflix-eventbus\0.3.0\netflix-eventbus-0.3.0.jar;C:\lib\repository\com\netflix\netflix-commons\netflix-infix\0.3.0\netflix-infix-0.3.0.jar;C:\lib\repository\commons-jxpath\commons-jxpath\1.3\commons-jxpath-1.3.jar;C:\lib\repository\joda-time\joda-time\2.10.5\joda-time-2.10.5.jar;C:\lib\repository\org\antlr\antlr-runtime\3.4\antlr-runtime-3.4.jar;C:\lib\repository\org\antlr\stringtemplate\3.2.1\stringtemplate-3.2.1.jar;C:\lib\repository\antlr\antlr\2.7.7\antlr-2.7.7.jar;C:\lib\repository\com\google\code\gson\gson\2.8.6\gson-2.8.6.jar;C:\lib\repository\org\apache\commons\commons-math\2.2\commons-math-2.2.jar;C:\lib\repository\javax\ws\rs\jsr311-api\1.1.1\jsr311-api-1.1.1.jar;C:\lib\repository\com\sun\jersey\jersey-core\1.19.1\jersey-core-1.19.1.jar;C:\lib\repository\com\sun\jersey\contribs\jersey-apache-client4\1.19.1\jersey-apache-client4-1.19.1.jar;C:\lib\repository\com\google\inject\guice\4.1.0\guice-4.1.0.jar;C:\lib\repository\aopalliance\aopalliance\1.0\aopalliance-1.0.jar;C:\lib\repository\com\sun\jersey\jersey-servlet\1.19.1\jersey-servlet-1.19.1.jar;C:\lib\repository\com\sun\jersey\jersey-server\1.19.1\jersey-server-1.19.1.jar;C:\lib\repository\com\sun\jersey\jersey-client\1.19.1\jersey-client-1.19.1.jar;C:\lib\repository\com\netflix\eureka\eureka-core\1.9.17\eureka-core-1.9.17.jar;C:\lib\repository\com\fasterxml\woodstox\woodstox-core\5.2.1\woodstox-core-5.2.1.jar;C:\lib\repository\com\netflix\archaius\archaius-core\0.7.6\archaius-core-0.7.6.jar;C:\lib\repository\com\google\code\findbugs\jsr305\3.0.1\jsr305-3.0.1.jar;C:\lib\repository\com\google\guava\guava\28.2-android\guava-28.2-android.jar;C:\lib\repository\com\google\guava\failureaccess\1.0.1\failureaccess-1.0.1.jar;C:\lib\repository\com\google\guava\listenablefuture\9999.0-empty-to-avoid-conflict-with-guava\listenablefuture-9999.0-empty-to-avoid-conflict-with-guava.jar;C:\lib\repository\org\checkerframework\checker-compat-qual\2.5.5\checker-compat-qual-2.5.5.jar;C:\lib\repository\com\google\errorprone\error_prone_annotations\2.3.4\error_prone_annotations-2.3.4.jar;C:\lib\repository\com\google\j2objc\j2objc-annotations\1.3\j2objc-annotations-1.3.jar;C:\lib\repository\javax\inject\javax.inject\1\javax.inject-1.jar;C:\lib\repository\com\fasterxml\jackson\dataformat\jackson-dataformat-xml\2.10.2\jackson-dataformat-xml-2.10.2.jar;C:\lib\repository\com\fasterxml\jackson\module\jackson-module-jaxb-annotations\2.10.2\jackson-module-jaxb-annotations-2.10.2.jar;C:\lib\repository\org\codehaus\woodstox\stax2-api\4.2\stax2-api-4.2.jar;C:\lib\repository\com\thoughtworks\xstream\xstream\1.4.11.1\xstream-1.4.11.1.jar;C:\lib\repository\xmlpull\xmlpull\1.1.3.1\xmlpull-1.1.3.1.jar;C:\lib\repository\xpp3\xpp3_min\1.1.4c\xpp3_min-1.1.4c.jar;C:\lib\repository\org\springframework\cloud\spring-cloud-starter-netflix-archaius\2.2.2.RELEASE\spring-cloud-starter-netflix-archaius-2.2.2.RELEASE.jar;C:\lib\repository\org\springframework\cloud\spring-cloud-netflix-ribbon\2.2.2.RELEASE\spring-cloud-netflix-ribbon-2.2.2.RELEASE.jar;C:\lib\repository\org\springframework\cloud\spring-cloud-netflix-archaius\2.2.2.RELEASE\spring-cloud-netflix-archaius-2.2.2.RELEASE.jar;C:\lib\repository\commons-configuration\commons-configuration\1.8\commons-configuration-1.8.jar;C:\lib\repository\commons-lang\commons-lang\2.6\commons-lang-2.6.jar;C:\lib\repository\org\springframework\cloud\spring-cloud-starter-netflix-ribbon\2.2.2.RELEASE\spring-cloud-starter-netflix-ribbon-2.2.2.RELEASE.jar;C:\lib\repository\com\netflix\ribbon\ribbon\2.3.0\ribbon-2.3.0.jar;C:\lib\repository\com\netflix\ribbon\ribbon-transport\2.3.0\ribbon-transport-2.3.0.jar;C:\lib\repository\io\reactivex\rxnetty-contexts\0.4.9\rxnetty-contexts-0.4.9.jar;C:\lib\repository\io\reactivex\rxnetty-servo\0.4.9\rxnetty-servo-0.4.9.jar;C:\lib\repository\io\reactivex\rxnetty\0.4.9\rxnetty-0.4.9.jar;C:\lib\repository\com\netflix\ribbon\ribbon-core\2.3.0\ribbon-core-2.3.0.jar;C:\lib\repository\com\netflix\ribbon\ribbon-httpclient\2.3.0\ribbon-httpclient-2.3.0.jar;C:\lib\repository\commons-collections\commons-collections\3.2.2\commons-collections-3.2.2.jar;C:\lib\repository\com\netflix\ribbon\ribbon-loadbalancer\2.3.0\ribbon-loadbalancer-2.3.0.jar;C:\lib\repository\com\netflix\netflix-commons\netflix-statistics\0.1.1\netflix-statistics-0.1.1.jar;C:\lib\repository\io\reactivex\rxjava\1.3.8\rxjava-1.3.8.jar;C:\lib\repository\org\springframework\cloud\spring-cloud-starter-loadbalancer\2.2.2.RELEASE\spring-cloud-starter-loadbalancer-2.2.2.RELEASE.jar;C:\lib\repository\org\springframework\cloud\spring-cloud-loadbalancer\2.2.2.RELEASE\spring-cloud-loadbalancer-2.2.2.RELEASE.jar;C:\lib\repository\io\projectreactor\reactor-core\3.3.3.RELEASE\reactor-core-3.3.3.RELEASE.jar;C:\lib\repository\io\projectreactor\addons\reactor-extra\3.3.2.RELEASE\reactor-extra-3.3.2.RELEASE.jar;C:\lib\repository\org\springframework\boot\spring-boot-starter-cache\2.2.5.RELEASE\spring-boot-starter-cache-2.2.5.RELEASE.jar;C:\lib\repository\com\stoyanr\evictor\1.0.0\evictor-1.0.0.jar;C:\lib\repository\com\netflix\ribbon\ribbon-eureka\2.3.0\ribbon-eureka-2.3.0.jar;C:\lib\repository\org\slf4j\slf4j-api\1.7.30\slf4j-api-1.7.30.jar;C:\lib\repository\org\glassfish\jaxb\jaxb-runtime\2.3.2\jaxb-runtime-2.3.2.jar;C:\lib\repository\org\glassfish\jaxb\txw2\2.3.2\txw2-2.3.2.jar;C:\lib\repository\com\sun\istack\istack-commons-runtime\3.0.8\istack-commons-runtime-3.0.8.jar;C:\lib\repository\org\jvnet\staxex\stax-ex\1.8.1\stax-ex-1.8.1.jar;C:\lib\repository\com\sun\xml\fastinfoset\FastInfoset\1.2.16\FastInfoset-1.2.16.jar;C:\lib\repository\jakarta\activation\jakarta.activation-api\1.2.2\jakarta.activation-api-1.2.2.jar;C:\lib\repository\org\springframework\boot\spring-boot-devtools\2.2.5.RELEASE\spring-boot-devtools-2.2.5.RELEASE.jar;C:\lib\repository\org\springframework\boot\spring-boot\2.2.5.RELEASE\spring-boot-2.2.5.RELEASE.jar;C:\lib\repository\org\springframework\spring-context\5.2.4.RELEASE\spring-context-5.2.4.RELEASE.jar;C:\lib\repository\org\springframework\spring-expression\5.2.4.RELEASE\spring-expression-5.2.4.RELEASE.jar;C:\lib\repository\org\springframework\boot\spring-boot-autoconfigure\2.2.5.RELEASE\spring-boot-autoconfigure-2.2.5.RELEASE.jar;C:\lib\repository\org\springframework\boot\spring-boot-starter-test\2.2.5.RELEASE\spring-boot-starter-test-2.2.5.RELEASE.jar;C:\lib\repository\org\springframework\boot\spring-boot-starter\2.2.5.RELEASE\spring-boot-starter-2.2.5.RELEASE.jar;C:\lib\repository\org\springframework\boot\spring-boot-starter-logging\2.2.5.RELEASE\spring-boot-starter-logging-2.2.5.RELEASE.jar;C:\lib\repository\ch\qos\logback\logback-classic\1.2.3\logback-classic-1.2.3.jar;C:\lib\repository\ch\qos\logback\logback-core\1.2.3\logback-core-1.2.3.jar;C:\lib\repository\org\apache\logging\log4j\log4j-to-slf4j\2.12.1\log4j-to-slf4j-2.12.1.jar;C:\lib\repository\org\apache\logging\log4j\log4j-api\2.12.1\log4j-api-2.12.1.jar;C:\lib\repository\org\slf4j\jul-to-slf4j\1.7.30\jul-to-slf4j-1.7.30.jar;C:\lib\repository\jakarta\annotation\jakarta.annotation-api\1.3.5\jakarta.annotation-api-1.3.5.jar;C:\lib\repository\org\springframework\boot\spring-boot-test\2.2.5.RELEASE\spring-boot-test-2.2.5.RELEASE.jar;C:\lib\repository\org\springframework\boot\spring-boot-test-autoconfigure\2.2.5.RELEASE\spring-boot-test-autoconfigure-2.2.5.RELEASE.jar;C:\lib\repository\com\jayway\jsonpath\json-path\2.4.0\json-path-2.4.0.jar;C:\lib\repository\net\minidev\json-smart\2.3\json-smart-2.3.jar;C:\lib\repository\net\minidev\accessors-smart\1.2\accessors-smart-1.2.jar;C:\lib\repository\jakarta\xml\bind\jakarta.xml.bind-api\2.3.2\jakarta.xml.bind-api-2.3.2.jar;C:\lib\repository\org\junit\jupiter\junit-jupiter\5.5.2\junit-jupiter-5.5.2.jar;C:\lib\repository\org\junit\jupiter\junit-jupiter-api\5.5.2\junit-jupiter-api-5.5.2.jar;C:\lib\repository\org\apiguardian\apiguardian-api\1.1.0\apiguardian-api-1.1.0.jar;C:\lib\repository\org\opentest4j\opentest4j\1.2.0\opentest4j-1.2.0.jar;C:\lib\repository\org\junit\platform\junit-platform-commons\1.5.2\junit-platform-commons-1.5.2.jar;C:\lib\repository\org\junit\jupiter\junit-jupiter-params\5.5.2\junit-jupiter-params-5.5.2.jar;C:\lib\repository\org\junit\jupiter\junit-jupiter-engine\5.5.2\junit-jupiter-engine-5.5.2.jar;C:\lib\repository\org\junit\platform\junit-platform-engine\1.5.2\junit-platform-engine-1.5.2.jar;C:\lib\repository\org\mockito\mockito-junit-jupiter\3.1.0\mockito-junit-jupiter-3.1.0.jar;C:\lib\repository\org\assertj\assertj-core\3.13.2\assertj-core-3.13.2.jar;C:\lib\repository\org\hamcrest\hamcrest\2.1\hamcrest-2.1.jar;C:\lib\repository\org\mockito\mockito-core\3.1.0\mockito-core-3.1.0.jar;C:\lib\repository\net\bytebuddy\byte-buddy\1.10.8\byte-buddy-1.10.8.jar;C:\lib\repository\net\bytebuddy\byte-buddy-agent\1.10.8\byte-buddy-agent-1.10.8.jar;C:\lib\repository\org\objenesis\objenesis\2.6\objenesis-2.6.jar;C:\lib\repository\org\skyscreamer\jsonassert\1.5.0\jsonassert-1.5.0.jar;C:\lib\repository\com\vaadin\external\google\android-json\0.0.20131108.vaadin1\android-json-0.0.20131108.vaadin1.jar;C:\lib\repository\org\springframework\spring-core\5.2.4.RELEASE\spring-core-5.2.4.RELEASE.jar;C:\lib\repository\org\springframework\spring-jcl\5.2.4.RELEASE\spring-jcl-5.2.4.RELEASE.jar;C:\lib\repository\org\springframework\spring-test\5.2.4.RELEASE\spring-test-5.2.4.RELEASE.jar;C:\lib\repository\org\xmlunit\xmlunit-core\2.6.3\xmlunit-core-2.6.3.jar;C:\lib\repository\org\springframework\security\oauth\boot\spring-security-oauth2-autoconfigure\2.1.2.RELEASE\spring-security-oauth2-autoconfigure-2.1.2.RELEASE.jar;C:\lib\repository\com\fasterxml\jackson\core\jackson-annotations\2.10.2\jackson-annotations-2.10.2.jar;C:\lib\repository\com\fasterxml\jackson\core\jackson-databind\2.10.2\jackson-databind-2.10.2.jar;C:\lib\repository\com\fasterxml\jackson\core\jackson-core\2.10.2\jackson-core-2.10.2.jar;C:\lib\repository\com\sun\xml\bind\jaxb-core\2.3.0.1\jaxb-core-2.3.0.1.jar;C:\lib\repository\com\sun\xml\bind\jaxb-impl\2.3.0.1\jaxb-impl-2.3.0.1.jar;C:\lib\repository\javax\xml\bind\jaxb-api\2.3.1\jaxb-api-2.3.1.jar;C:\lib\repository\javax\activation\javax.activation-api\1.2.0\javax.activation-api-1.2.0.jar;C:\lib\repository\org\springframework\security\oauth\spring-security-oauth2\2.3.4.RELEASE\spring-security-oauth2-2.3.4.RELEASE.jar;C:\lib\repository\org\springframework\spring-beans\5.2.4.RELEASE\spring-beans-5.2.4.RELEASE.jar;C:\lib\repository\org\springframework\spring-webmvc\5.2.4.RELEASE\spring-webmvc-5.2.4.RELEASE.jar;C:\lib\repository\org\springframework\security\spring-security-core\5.2.2.RELEASE\spring-security-core-5.2.2.RELEASE.jar;C:\lib\repository\org\springframework\security\spring-security-web\5.2.2.RELEASE\spring-security-web-5.2.2.RELEASE.jar;C:\lib\repository\commons-codec\commons-codec\1.13\commons-codec-1.13.jar;C:\lib\repository\org\codehaus\jackson\jackson-mapper-asl\1.9.13\jackson-mapper-asl-1.9.13.jar;C:\lib\repository\org\codehaus\jackson\jackson-core-asl\1.9.13\jackson-core-asl-1.9.13.jar;C:\lib\repository\org\springframework\security\spring-security-jwt\1.0.9.RELEASE\spring-security-jwt-1.0.9.RELEASE.jar;C:\lib\repository\org\bouncycastle\bcpkix-jdk15on\1.56\bcpkix-jdk15on-1.56.jar;C:\lib\repository\org\bouncycastle\bcprov-jdk15on\1.56\bcprov-jdk15on-1.56.jar;C:\lib\repository\org\springframework\spring-web\5.2.4.RELEASE\spring-web-5.2.4.RELEASE.jar;C:\lib\repository\org\springframework\cloud\spring-cloud-config-server\2.2.2.RELEASE\spring-cloud-config-server-2.2.2.RELEASE.jar;C:\lib\repository\org\springframework\cloud\spring-cloud-config-client\2.2.2.RELEASE\spring-cloud-config-client-2.2.2.RELEASE.jar;C:\lib\repository\org\springframework\boot\spring-boot-starter-actuator\2.2.5.RELEASE\spring-boot-starter-actuator-2.2.5.RELEASE.jar;C:\lib\repository\org\springframework\boot\spring-boot-actuator-autoconfigure\2.2.5.RELEASE\spring-boot-actuator-autoconfigure-2.2.5.RELEASE.jar;C:\lib\repository\org\springframework\boot\spring-boot-actuator\2.2.5.RELEASE\spring-boot-actuator-2.2.5.RELEASE.jar;C:\lib\repository\com\fasterxml\jackson\datatype\jackson-datatype-jsr310\2.10.2\jackson-datatype-jsr310-2.10.2.jar;C:\lib\repository\io\micrometer\micrometer-core\1.3.5\micrometer-core-1.3.5.jar;C:\lib\repository\org\hdrhistogram\HdrHistogram\2.1.11\HdrHistogram-2.1.11.jar;C:\lib\repository\org\latencyutils\LatencyUtils\2.0.3\LatencyUtils-2.0.3.jar;C:\lib\repository\org\springframework\boot\spring-boot-starter-web\2.2.5.RELEASE\spring-boot-starter-web-2.2.5.RELEASE.jar;C:\lib\repository\org\springframework\boot\spring-boot-starter-json\2.2.5.RELEASE\spring-boot-starter-json-2.2.5.RELEASE.jar;C:\lib\repository\com\fasterxml\jackson\datatype\jackson-datatype-jdk8\2.10.2\jackson-datatype-jdk8-2.10.2.jar;C:\lib\repository\com\fasterxml\jackson\module\jackson-module-parameter-names\2.10.2\jackson-module-parameter-names-2.10.2.jar;C:\lib\repository\org\springframework\boot\spring-boot-starter-tomcat\2.2.5.RELEASE\spring-boot-starter-tomcat-2.2.5.RELEASE.jar;C:\lib\repository\org\apache\tomcat\embed\tomcat-embed-core\9.0.31\tomcat-embed-core-9.0.31.jar;C:\lib\repository\org\apache\tomcat\embed\tomcat-embed-websocket\9.0.31\tomcat-embed-websocket-9.0.31.jar;C:\lib\repository\org\springframework\boot\spring-boot-starter-validation\2.2.5.RELEASE\spring-boot-starter-validation-2.2.5.RELEASE.jar;C:\lib\repository\jakarta\validation\jakarta.validation-api\2.0.2\jakarta.validation-api-2.0.2.jar;C:\lib\repository\org\apache\tomcat\embed\tomcat-embed-el\9.0.31\tomcat-embed-el-9.0.31.jar;C:\lib\repository\org\hibernate\validator\hibernate-validator\6.0.18.Final\hibernate-validator-6.0.18.Final.jar;C:\lib\repository\org\jboss\logging\jboss-logging\3.4.1.Final\jboss-logging-3.4.1.Final.jar;C:\lib\repository\com\fasterxml\classmate\1.5.1\classmate-1.5.1.jar;C:\lib\repository\org\springframework\security\spring-security-crypto\5.2.2.RELEASE\spring-security-crypto-5.2.2.RELEASE.jar;C:\lib\repository\org\springframework\security\spring-security-rsa\1.0.9.RELEASE\spring-security-rsa-1.0.9.RELEASE.jar;C:\lib\repository\org\eclipse\jgit\org.eclipse.jgit\5.1.3.201810200350-r\org.eclipse.jgit-5.1.3.201810200350-r.jar;C:\lib\repository\com\jcraft\jsch\0.1.54\jsch-0.1.54.jar;C:\lib\repository\com\jcraft\jzlib\1.1.1\jzlib-1.1.1.jar;C:\lib\repository\com\googlecode\javaewah\JavaEWAH\1.1.6\JavaEWAH-1.1.6.jar;C:\lib\repository\org\eclipse\jgit\org.eclipse.jgit.http.apache\5.1.3.201810200350-r\org.eclipse.jgit.http.apache-5.1.3.201810200350-r.jar;C:\lib\repository\org\apache\httpcomponents\httpclient\4.5.11\httpclient-4.5.11.jar;C:\lib\repository\org\apache\httpcomponents\httpcore\4.4.13\httpcore-4.4.13.jar;C:\lib\repository\org\yaml\snakeyaml\1.25\snakeyaml-1.25.jar;C:\lib\repository\com\fasterxml\jackson\dataformat\jackson-dataformat-yaml\2.10.2\jackson-dataformat-yaml-2.10.2.jar;C:\lib\repository\org\springframework\cloud\spring-cloud-starter-netflix-zuul\2.2.2.RELEASE\spring-cloud-starter-netflix-zuul-2.2.2.RELEASE.jar;C:\lib\repository\org\springframework\cloud\spring-cloud-netflix-zuul\2.2.2.RELEASE\spring-cloud-netflix-zuul-2.2.2.RELEASE.jar;C:\lib\repository\com\netflix\netflix-commons\netflix-commons-util\0.3.0\netflix-commons-util-0.3.0.jar;C:\lib\repository\org\springframework\cloud\spring-cloud-starter-netflix-hystrix\2.2.2.RELEASE\spring-cloud-starter-netflix-hystrix-2.2.2.RELEASE.jar;C:\lib\repository\com\netflix\hystrix\hystrix-core\1.5.18\hystrix-core-1.5.18.jar;C:\lib\repository\com\netflix\hystrix\hystrix-serialization\1.5.18\hystrix-serialization-1.5.18.jar;C:\lib\repository\com\fasterxml\jackson\module\jackson-module-afterburner\2.10.2\jackson-module-afterburner-2.10.2.jar;C:\lib\repository\com\netflix\hystrix\hystrix-metrics-event-stream\1.5.18\hystrix-metrics-event-stream-1.5.18.jar;C:\lib\repository\com\netflix\hystrix\hystrix-javanica\1.5.18\hystrix-javanica-1.5.18.jar;C:\lib\repository\org\apache\commons\commons-lang3\3.9\commons-lang3-3.9.jar;C:\lib\repository\org\ow2\asm\asm\5.0.4\asm-5.0.4.jar;C:\lib\repository\org\aspectj\aspectjweaver\1.9.5\aspectjweaver-1.9.5.jar;C:\lib\repository\io\reactivex\rxjava-reactive-streams\1.2.1\rxjava-reactive-streams-1.2.1.jar;C:\lib\repository\org\reactivestreams\reactive-streams\1.0.3\reactive-streams-1.0.3.jar;C:\lib\repository\com\netflix\zuul\zuul-core\1.3.1\zuul-core-1.3.1.jar;C:\lib\repository\commons-io\commons-io\2.4\commons-io-2.4.jar;C:\lib\repository\com\netflix\servo\servo-core\0.12.21\servo-core-0.12.21.jar;"/>
    <property name="sun.cpu.endian" value="little"/>
    <property name="user.home" value="C:\Users\ernan"/>
    <property name="user.language" value="pt"/>
    <property name="java.specification.vendor" value="Oracle Corporation"/>
    <property name="java.home" value="C:\Program Files\Java\jdk1.8.0_181\jre"/>
    <property name="basedir" value="C:\Node\shc-registry"/>
    <property name="file.separator" value="\"/>
    <property name="line.separator" value="&#10;"/>
    <property name="java.vm.specification.vendor" value="Oracle Corporation"/>
    <property name="java.specification.name" value="Java Platform API Specification"/>
    <property name="java.awt.graphicsenv" value="sun.awt.Win32GraphicsEnvironment"/>
    <property name="surefire.real.class.path" value="C:\Users\ernan\AppData\Local\Temp\surefire1870030017425883964\surefirebooter2519290557517163121.jar"/>
    <property name="sun.boot.class.path" value="C:\Program Files\Java\jdk1.8.0_181\jre\lib\resources.jar;C:\Program Files\Java\jdk1.8.0_181\jre\lib\rt.jar;C:\Program Files\Java\jdk1.8.0_181\jre\lib\sunrsasign.jar;C:\Program Files\Java\jdk1.8.0_181\jre\lib\jsse.jar;C:\Program Files\Java\jdk1.8.0_181\jre\lib\jce.jar;C:\Program Files\Java\jdk1.8.0_181\jre\lib\charsets.jar;C:\Program Files\Java\jdk1.8.0_181\jre\lib\jfr.jar;C:\Program Files\Java\jdk1.8.0_181\jre\classes"/>
    <property name="user.script" value=""/>
    <property name="sun.management.compiler" value="HotSpot 64-Bit Tiered Compilers"/>
    <property name="java.runtime.version" value="1.8.0_181-b13"/>
    <property name="user.name" value="ernan"/>
    <property name="path.separator" value=";"/>
    <property name="os.version" value="10.0"/>
    <property name="java.endorsed.dirs" value="C:\Program Files\Java\jdk1.8.0_181\jre\lib\endorsed"/>
    <property name="java.runtime.name" value="Java(TM) SE Runtime Environment"/>
    <property name="file.encoding" value="Cp1252"/>
    <property name="java.vm.name" value="Java HotSpot(TM) 64-Bit Server VM"/>
    <property name="localRepository" value="C:\lib\repository"/>
    <property name="java.vendor.url.bug" value="http://bugreport.sun.com/bugreport/"/>
    <property name="java.io.tmpdir" value="C:\Users\ernan\AppData\Local\Temp\"/>
    <property name="java.version" value="1.8.0_181"/>
    <property name="user.dir" value="C:\Node\shc-registry"/>
    <property name="os.arch" value="amd64"/>
    <property name="java.vm.specification.name" value="Java Virtual Machine Specification"/>
    <property name="java.awt.printerjob" value="sun.awt.windows.WPrinterJob"/>
    <property name="sun.os.patch.level" value=""/>
    <property name="java.library.path" value="C:\Program Files\Java\jdk1.8.0_181\jre\bin;C:\WINDOWS\Sun\Java\bin;C:\WINDOWS\system32;C:\WINDOWS;C:\Java\cmder\bin;C:\Java\cmder\vendor\bin;C:\Java\cmder\vendor\conemu-maximus5\ConEmu\Scripts;C:\Java\cmder\vendor\conemu-maximus5;C:\Java\cmder\vendor\conemu-maximus5\ConEmu;C:\Python27\;C:\Python27\Scripts;C:\WINDOWS\system32;C:\WINDOWS;C:\WINDOWS\System32\Wbem;C:\WINDOWS\System32\WindowsPowerShell\v1.0\;C:\Program Files\Java\jdk1.8.0_181\bin;C:\Java\apache-maven-3.3.3\bin;C:\Program Files\Git\cmd;C:\WINDOWS\System32\OpenSSH\;C:\Program Files\Microsoft VS Code\bin;C:\ProgramData\chocolatey\bin;C:\Program Files\nodejs\;C:\Users\ernan\AppData\Local\Microsoft\WindowsApps;C:\Program Files\Microsoft VS Code\bin;C:\Users\ernan\AppData\Roaming\npm;C:\Program Files\Git\mingw64\bin;C:\Program Files\Git\usr\bin;C:\Java\cmder;C:\Java\cmder\vendor\git-for-windows\cmd;C:\Java\cmder\vendor\git-for-windows\mingw64\bin;C:\Java\cmder\vendor\git-for-windows\usr\bin;."/>
    <property name="java.vm.info" value="mixed mode"/>
    <property name="java.vendor" value="Oracle Corporation"/>
    <property name="java.vm.version" value="25.181-b13"/>
    <property name="java.ext.dirs" value="C:\Program Files\Java\jdk1.8.0_181\jre\lib\ext;C:\WINDOWS\Sun\Java\lib\ext"/>
    <property name="sun.io.unicode.encoding" value="UnicodeLittle"/>
    <property name="java.class.version" value="52.0"/>
  </properties>
  <testcase name="contextLoads" classname="com.house.care.registryserver.RegistryServerApplicationTests" time="0.25"/>
</testsuite>